<?xml version="1.0" encoding="UTF-8"?>
<coverage generated="1703093124804" clover="3.2.0">
  <project timestamp="1703093124804" name="All files">
    <metrics statements="219" coveredstatements="201" conditionals="20" coveredconditionals="17" methods="73" coveredmethods="52" elements="312" coveredelements="270" complexity="0" loc="219" ncloc="219" packages="14" files="18" classes="18"/>
    <package name="src">
      <metrics statements="1" coveredstatements="1" conditionals="2" coveredconditionals="1" methods="0" coveredmethods="0"/>
      <file name="config.ts" path="C:\Users\Usuario\Desktop\fronfinal\Andrea-Lopez-Final-Project-front-202309-mad\src\config.ts">
        <metrics statements="1" coveredstatements="1" conditionals="2" coveredconditionals="1" methods="0" coveredmethods="0"/>
        <line num="1" count="8" type="stmt"/>
      </file>
    </package>
    <package name="src.components.create">
      <metrics statements="5" coveredstatements="5" conditionals="2" coveredconditionals="2" methods="1" coveredmethods="1"/>
      <file name="add.button.tsx" path="C:\Users\Usuario\Desktop\fronfinal\Andrea-Lopez-Final-Project-front-202309-mad\src\components\create\add.button.tsx">
        <metrics statements="5" coveredstatements="5" conditionals="2" coveredconditionals="2" methods="1" coveredmethods="1"/>
        <line num="1" count="2" type="stmt"/>
        <line num="2" count="2" type="stmt"/>
        <line num="4" count="2" type="stmt"/>
        <line num="5" count="1" type="stmt"/>
        <line num="7" count="1" type="stmt"/>
      </file>
    </package>
    <package name="src.components.header">
      <metrics statements="6" coveredstatements="6" conditionals="0" coveredconditionals="0" methods="1" coveredmethods="1"/>
      <file name="header.tsx" path="C:\Users\Usuario\Desktop\fronfinal\Andrea-Lopez-Final-Project-front-202309-mad\src\components\header\header.tsx">
        <metrics statements="6" coveredstatements="6" conditionals="0" coveredconditionals="0" methods="1" coveredmethods="1"/>
        <line num="1" count="1" type="stmt"/>
        <line num="2" count="1" type="stmt"/>
        <line num="3" count="1" type="stmt"/>
        <line num="5" count="1" type="stmt"/>
        <line num="7" count="1" type="stmt"/>
        <line num="9" count="1" type="stmt"/>
      </file>
    </package>
    <package name="src.components.header.home">
      <metrics statements="7" coveredstatements="7" conditionals="4" coveredconditionals="3" methods="2" coveredmethods="2"/>
      <file name="header.home.tsx" path="C:\Users\Usuario\Desktop\fronfinal\Andrea-Lopez-Final-Project-front-202309-mad\src\components\header.home\header.home.tsx">
        <metrics statements="7" coveredstatements="7" conditionals="4" coveredconditionals="3" methods="2" coveredmethods="2"/>
        <line num="1" count="1" type="stmt"/>
        <line num="2" count="1" type="stmt"/>
        <line num="4" count="1" type="stmt"/>
        <line num="5" count="1" type="stmt"/>
        <line num="7" count="1" type="stmt"/>
        <line num="8" count="2" type="stmt"/>
        <line num="10" count="1" type="stmt"/>
      </file>
    </package>
    <package name="src.components.list">
      <metrics statements="11" coveredstatements="2" conditionals="0" coveredconditionals="0" methods="3" coveredmethods="0"/>
      <file name="list.tsx" path="C:\Users\Usuario\Desktop\fronfinal\Andrea-Lopez-Final-Project-front-202309-mad\src\components\list\list.tsx">
        <metrics statements="11" coveredstatements="2" conditionals="0" coveredconditionals="0" methods="3" coveredmethods="0"/>
        <line num="1" count="1" type="stmt"/>
        <line num="2" count="1" type="stmt"/>
        <line num="4" count="0" type="stmt"/>
        <line num="5" count="0" type="stmt"/>
        <line num="10" count="0" type="stmt"/>
        <line num="11" count="0" type="stmt"/>
        <line num="13" count="0" type="stmt"/>
        <line num="14" count="0" type="stmt"/>
        <line num="17" count="0" type="stmt"/>
        <line num="19" count="0" type="stmt"/>
        <line num="23" count="0" type="stmt"/>
      </file>
    </package>
    <package name="src.components.login">
      <metrics statements="19" coveredstatements="19" conditionals="3" coveredconditionals="3" methods="3" coveredmethods="3"/>
      <file name="login.tsx" path="C:\Users\Usuario\Desktop\fronfinal\Andrea-Lopez-Final-Project-front-202309-mad\src\components\login\login.tsx">
        <metrics statements="19" coveredstatements="19" conditionals="3" coveredconditionals="3" methods="3" coveredmethods="3"/>
        <line num="1" count="2" type="stmt"/>
        <line num="3" count="2" type="stmt"/>
        <line num="4" count="2" type="stmt"/>
        <line num="5" count="2" type="stmt"/>
        <line num="7" count="2" type="stmt"/>
        <line num="8" count="4" type="stmt"/>
        <line num="9" count="4" type="stmt"/>
        <line num="10" count="4" type="stmt"/>
        <line num="12" count="4" type="stmt"/>
        <line num="13" count="1" type="stmt"/>
        <line num="15" count="1" type="stmt"/>
        <line num="16" count="1" type="stmt"/>
        <line num="17" count="1" type="stmt"/>
        <line num="21" count="1" type="stmt"/>
        <line num="22" count="1" type="stmt"/>
        <line num="24" count="4" type="stmt"/>
        <line num="25" count="3" type="cond" truecount="1" falsecount="0"/>
        <line num="26" count="1" type="stmt"/>
        <line num="30" count="4" type="stmt"/>
      </file>
    </package>
    <package name="src.components.routes">
      <metrics statements="11" coveredstatements="11" conditionals="0" coveredconditionals="0" methods="15" coveredmethods="3"/>
      <file name="app.routes.tsx" path="C:\Users\Usuario\Desktop\fronfinal\Andrea-Lopez-Final-Project-front-202309-mad\src\components\routes\app.routes.tsx">
        <metrics statements="11" coveredstatements="11" conditionals="0" coveredconditionals="0" methods="15" coveredmethods="3"/>
        <line num="1" count="1" type="stmt"/>
        <line num="2" count="1" type="stmt"/>
        <line num="4" count="1" type="stmt"/>
        <line num="5" count="1" type="stmt"/>
        <line num="6" count="2" type="stmt"/>
        <line num="7" count="1" type="stmt"/>
        <line num="8" count="1" type="stmt"/>
        <line num="9" count="1" type="stmt"/>
        <line num="10" count="1" type="stmt"/>
        <line num="11" count="1" type="stmt"/>
        <line num="12" count="1" type="stmt"/>
      </file>
    </package>
    <package name="src.hooks.film">
      <metrics statements="28" coveredstatements="25" conditionals="2" coveredconditionals="1" methods="10" coveredmethods="7"/>
      <file name="use.films.tsx" path="C:\Users\Usuario\Desktop\fronfinal\Andrea-Lopez-Final-Project-front-202309-mad\src\hooks\film\use.films.tsx">
        <metrics statements="28" coveredstatements="25" conditionals="2" coveredconditionals="1" methods="10" coveredmethods="7"/>
        <line num="1" count="1" type="stmt"/>
        <line num="2" count="1" type="stmt"/>
        <line num="4" count="1" type="stmt"/>
        <line num="5" count="1" type="stmt"/>
        <line num="12" count="1" type="stmt"/>
        <line num="14" count="1" type="stmt"/>
        <line num="15" count="5" type="stmt"/>
        <line num="16" count="5" type="stmt"/>
        <line num="18" count="5" type="stmt"/>
        <line num="19" count="0" type="stmt"/>
        <line num="22" count="5" type="cond" truecount="1" falsecount="1"/>
        <line num="24" count="5" type="stmt"/>
        <line num="25" count="1" type="stmt"/>
        <line num="26" count="1" type="stmt"/>
        <line num="28" count="0" type="stmt"/>
        <line num="32" count="5" type="stmt"/>
        <line num="33" count="1" type="stmt"/>
        <line num="34" count="1" type="stmt"/>
        <line num="43" count="5" type="stmt"/>
        <line num="44" count="1" type="stmt"/>
        <line num="45" count="1" type="stmt"/>
        <line num="55" count="5" type="stmt"/>
        <line num="56" count="0" type="stmt"/>
        <line num="59" count="5" type="stmt"/>
        <line num="60" count="1" type="stmt"/>
        <line num="63" count="5" type="stmt"/>
        <line num="64" count="1" type="stmt"/>
        <line num="72" count="5" type="stmt"/>
      </file>
    </package>
    <package name="src.hooks.users">
      <metrics statements="15" coveredstatements="15" conditionals="0" coveredconditionals="0" methods="5" coveredmethods="5"/>
      <file name="users.hook.tsx" path="C:\Users\Usuario\Desktop\fronfinal\Andrea-Lopez-Final-Project-front-202309-mad\src\hooks\users\users.hook.tsx">
        <metrics statements="15" coveredstatements="15" conditionals="0" coveredconditionals="0" methods="5" coveredmethods="5"/>
        <line num="1" count="5" type="stmt"/>
        <line num="4" count="5" type="stmt"/>
        <line num="5" count="5" type="stmt"/>
        <line num="6" count="5" type="stmt"/>
        <line num="8" count="5" type="stmt"/>
        <line num="9" count="4" type="stmt"/>
        <line num="10" count="4" type="stmt"/>
        <line num="11" count="8" type="stmt"/>
        <line num="13" count="4" type="stmt"/>
        <line num="14" count="1" type="stmt"/>
        <line num="17" count="4" type="stmt"/>
        <line num="18" count="1" type="stmt"/>
        <line num="21" count="4" type="stmt"/>
        <line num="22" count="1" type="stmt"/>
        <line num="25" count="4" type="stmt"/>
      </file>
    </package>
    <package name="src.pages">
      <metrics statements="8" coveredstatements="5" conditionals="0" coveredconditionals="0" methods="3" coveredmethods="1"/>
      <file name="home.page.tsx" path="C:\Users\Usuario\Desktop\fronfinal\Andrea-Lopez-Final-Project-front-202309-mad\src\pages\home.page.tsx">
        <metrics statements="5" coveredstatements="2" conditionals="0" coveredconditionals="0" methods="2" coveredmethods="0"/>
        <line num="1" count="1" type="stmt"/>
        <line num="2" count="1" type="stmt"/>
        <line num="5" count="0" type="stmt"/>
        <line num="6" count="0" type="stmt"/>
        <line num="7" count="0" type="stmt"/>
      </file>
      <file name="login.page.tsx" path="C:\Users\Usuario\Desktop\fronfinal\Andrea-Lopez-Final-Project-front-202309-mad\src\pages\login.page.tsx">
        <metrics statements="3" coveredstatements="3" conditionals="0" coveredconditionals="0" methods="1" coveredmethods="1"/>
        <line num="1" count="1" type="stmt"/>
        <line num="3" count="1" type="stmt"/>
        <line num="4" count="1" type="stmt"/>
      </file>
    </package>
    <package name="src.services">
      <metrics statements="39" coveredstatements="38" conditionals="7" coveredconditionals="7" methods="9" coveredmethods="9"/>
      <file name="api.repo.films.ts" path="C:\Users\Usuario\Desktop\fronfinal\Andrea-Lopez-Final-Project-front-202309-mad\src\services\api.repo.films.ts">
        <metrics statements="22" coveredstatements="21" conditionals="4" coveredconditionals="4" methods="5" coveredmethods="5"/>
        <line num="1" count="2" type="stmt"/>
        <line num="4" count="2" type="stmt"/>
        <line num="5" count="11" type="stmt"/>
        <line num="6" count="11" type="stmt"/>
        <line num="9" count="2" type="stmt"/>
        <line num="10" count="2" type="cond" truecount="1" falsecount="0"/>
        <line num="11" count="1" type="stmt"/>
        <line num="12" count="1" type="stmt"/>
        <line num="16" count="2" type="stmt"/>
        <line num="21" count="2" type="cond" truecount="1" falsecount="0"/>
        <line num="22" count="1" type="stmt"/>
        <line num="23" count="1" type="stmt"/>
        <line num="27" count="2" type="stmt"/>
        <line num="28" count="2" type="stmt"/>
        <line num="35" count="2" type="cond" truecount="1" falsecount="0"/>
        <line num="36" count="1" type="stmt"/>
        <line num="37" count="1" type="stmt"/>
        <line num="40" count="1" type="stmt"/>
        <line num="41" count="1" type="stmt"/>
        <line num="45" count="1" type="cond" truecount="1" falsecount="0"/>
        <line num="46" count="1" type="stmt"/>
        <line num="47" count="0" type="stmt"/>
      </file>
      <file name="api.repo.users.ts" path="C:\Users\Usuario\Desktop\fronfinal\Andrea-Lopez-Final-Project-front-202309-mad\src\services\api.repo.users.ts">
        <metrics statements="17" coveredstatements="17" conditionals="3" coveredconditionals="3" methods="4" coveredmethods="4"/>
        <line num="1" count="6" type="stmt"/>
        <line num="5" count="6" type="stmt"/>
        <line num="6" count="6" type="stmt"/>
        <line num="10" count="2" type="stmt"/>
        <line num="11" count="2" type="cond" truecount="1" falsecount="0"/>
        <line num="12" count="1" type="stmt"/>
        <line num="13" count="1" type="stmt"/>
        <line num="17" count="2" type="stmt"/>
        <line num="18" count="2" type="stmt"/>
        <line num="23" count="2" type="cond" truecount="1" falsecount="0"/>
        <line num="24" count="1" type="stmt"/>
        <line num="25" count="1" type="stmt"/>
        <line num="29" count="2" type="stmt"/>
        <line num="30" count="2" type="stmt"/>
        <line num="37" count="2" type="cond" truecount="1" falsecount="0"/>
        <line num="38" count="1" type="stmt"/>
        <line num="39" count="1" type="stmt"/>
      </file>
    </package>
    <package name="src.slice.film">
      <metrics statements="45" coveredstatements="43" conditionals="0" coveredconditionals="0" methods="15" coveredmethods="14"/>
      <file name="films.slice.ts" path="C:\Users\Usuario\Desktop\fronfinal\Andrea-Lopez-Final-Project-front-202309-mad\src\slice\film\films.slice.ts">
        <metrics statements="32" coveredstatements="32" conditionals="0" coveredconditionals="0" methods="11" coveredmethods="11"/>
        <line num="2" count="10" type="stmt"/>
        <line num="3" count="10" type="stmt"/>
        <line num="17" count="10" type="stmt"/>
        <line num="24" count="10" type="stmt"/>
        <line num="32" count="1" type="stmt"/>
        <line num="33" count="1" type="stmt"/>
        <line num="38" count="9" type="stmt"/>
        <line num="39" count="1" type="stmt"/>
        <line num="40" count="1" type="stmt"/>
        <line num="43" count="9" type="stmt"/>
        <line num="46" count="1" type="stmt"/>
        <line num="47" count="1" type="stmt"/>
        <line num="48" count="1" type="stmt"/>
        <line num="52" count="9" type="stmt"/>
        <line num="53" count="1" type="stmt"/>
        <line num="54" count="1" type="stmt"/>
        <line num="57" count="9" type="stmt"/>
        <line num="59" count="2" type="stmt"/>
        <line num="65" count="9" type="stmt"/>
        <line num="66" count="1" type="stmt"/>
        <line num="67" count="1" type="stmt"/>
        <line num="70" count="9" type="stmt"/>
        <line num="74" count="2" type="stmt"/>
        <line num="75" count="2" type="stmt"/>
        <line num="76" count="2" type="stmt"/>
        <line num="78" count="2" type="stmt"/>
        <line num="81" count="9" type="stmt"/>
        <line num="84" count="2" type="stmt"/>
        <line num="85" count="2" type="stmt"/>
        <line num="88" count="2" type="stmt"/>
        <line num="94" count="10" type="stmt"/>
        <line num="95" count="10" type="stmt"/>
      </file>
      <file name="films.thunk.ts" path="C:\Users\Usuario\Desktop\fronfinal\Andrea-Lopez-Final-Project-front-202309-mad\src\slice\film\films.thunk.ts">
        <metrics statements="13" coveredstatements="11" conditionals="0" coveredconditionals="0" methods="4" coveredmethods="3"/>
        <line num="1" count="10" type="stmt"/>
        <line num="10" count="10" type="stmt"/>
        <line num="13" count="0" type="stmt"/>
        <line num="14" count="0" type="stmt"/>
        <line num="17" count="10" type="stmt"/>
        <line num="20" count="1" type="stmt"/>
        <line num="21" count="1" type="stmt"/>
        <line num="25" count="10" type="stmt"/>
        <line num="33" count="1" type="stmt"/>
        <line num="34" count="1" type="stmt"/>
        <line num="37" count="10" type="stmt"/>
        <line num="44" count="1" type="stmt"/>
        <line num="45" count="1" type="stmt"/>
      </file>
    </package>
    <package name="src.slice.user">
      <metrics statements="20" coveredstatements="20" conditionals="0" coveredconditionals="0" methods="6" coveredmethods="6"/>
      <file name="users.slice.ts" path="C:\Users\Usuario\Desktop\fronfinal\Andrea-Lopez-Final-Project-front-202309-mad\src\slice\user\users.slice.ts">
        <metrics statements="16" coveredstatements="16" conditionals="0" coveredconditionals="0" methods="5" coveredmethods="5"/>
        <line num="1" count="10" type="stmt"/>
        <line num="3" count="10" type="stmt"/>
        <line num="14" count="10" type="stmt"/>
        <line num="20" count="10" type="stmt"/>
        <line num="25" count="1" type="stmt"/>
        <line num="26" count="1" type="stmt"/>
        <line num="30" count="9" type="stmt"/>
        <line num="31" count="1" type="stmt"/>
        <line num="34" count="9" type="stmt"/>
        <line num="37" count="1" type="stmt"/>
        <line num="38" count="1" type="stmt"/>
        <line num="39" count="1" type="stmt"/>
        <line num="43" count="9" type="stmt"/>
        <line num="44" count="1" type="stmt"/>
        <line num="49" count="10" type="stmt"/>
        <line num="50" count="10" type="stmt"/>
      </file>
      <file name="users.thunk.ts" path="C:\Users\Usuario\Desktop\fronfinal\Andrea-Lopez-Final-Project-front-202309-mad\src\slice\user\users.thunk.ts">
        <metrics statements="4" coveredstatements="4" conditionals="0" coveredconditionals="0" methods="1" coveredmethods="1"/>
        <line num="1" count="10" type="stmt"/>
        <line num="6" count="10" type="stmt"/>
        <line num="13" count="1" type="stmt"/>
        <line num="15" count="1" type="stmt"/>
      </file>
    </package>
    <package name="src.store">
      <metrics statements="4" coveredstatements="4" conditionals="0" coveredconditionals="0" methods="0" coveredmethods="0"/>
      <file name="store.tsx" path="C:\Users\Usuario\Desktop\fronfinal\Andrea-Lopez-Final-Project-front-202309-mad\src\store\store.tsx">
        <metrics statements="4" coveredstatements="4" conditionals="0" coveredconditionals="0" methods="0" coveredmethods="0"/>
        <line num="1" count="8" type="stmt"/>
        <line num="2" count="8" type="stmt"/>
        <line num="3" count="8" type="stmt"/>
        <line num="5" count="8" type="stmt"/>
      </file>
    </package>
  </project>
</coverage>
