{"C:\\Users\\Usuario\\Desktop\\frontparadox\\src\\config.ts": {"path":"C:\\Users\\Usuario\\Desktop\\frontparadox\\src\\config.ts","statementMap":{"0":{"start":{"line":1,"column":13},"end":{"line":4,"column":51}}},"fnMap":{},"branchMap":{"0":{"loc":{"start":{"line":2,"column":2},"end":{"line":4,"column":50}},"type":"cond-expr","locations":[{"start":{"line":3,"column":6},"end":{"line":3,"column":29}},{"start":{"line":4,"column":6},"end":{"line":4,"column":50}}]}},"s":{"0":6},"f":{},"b":{"0":[6,0]}}
,"C:\\Users\\Usuario\\Desktop\\frontparadox\\src\\components\\header\\header.tsx": {"path":"C:\\Users\\Usuario\\Desktop\\frontparadox\\src\\components\\header\\header.tsx","statementMap":{"0":{"start":{"line":1,"column":0},"end":{"line":1,"column":40}},"1":{"start":{"line":2,"column":0},"end":{"line":2,"column":23}},"2":{"start":{"line":3,"column":0},"end":{"line":3,"column":42}},"3":{"start":{"line":8,"column":4},"end":{"line":8,"column":90}},"4":{"start":{"line":10,"column":25},"end":{"line":10,"column":76}},"5":{"start":{"line":10,"column":59},"end":{"line":10,"column":75}},"6":{"start":{"line":11,"column":2},"end":{"line":35,"column":4}},"7":{"start":{"line":6,"column":0},"end":{"line":6,"column":16}}},"fnMap":{"0":{"name":"Header","decl":{"start":{"line":6,"column":16},"end":{"line":6,"column":22}},"loc":{"start":{"line":6,"column":22},"end":{"line":36,"column":1}}},"1":{"name":"(anonymous_1)","decl":{"start":{"line":10,"column":37},"end":{"line":10,"column":38}},"loc":{"start":{"line":10,"column":59},"end":{"line":10,"column":75}}}},"branchMap":{"0":{"loc":{"start":{"line":28,"column":9},"end":{"line":31,"column":null}},"type":"binary-expr","locations":[{"start":{"line":28,"column":9},"end":{"line":28,"column":19}},{"start":{"line":29,"column":10},"end":{"line":30,"column":null}}]}},"s":{"0":1,"1":1,"2":1,"3":1,"4":1,"5":2,"6":1,"7":1},"f":{"0":1,"1":2},"b":{"0":[1,0]}}
,"C:\\Users\\Usuario\\Desktop\\frontparadox\\src\\components\\list\\list.tsx": {"path":"C:\\Users\\Usuario\\Desktop\\frontparadox\\src\\components\\list\\list.tsx","statementMap":{"0":{"start":{"line":1,"column":0},"end":{"line":1,"column":34}},"1":{"start":{"line":2,"column":0},"end":{"line":2,"column":36}},"2":{"start":{"line":3,"column":0},"end":{"line":3,"column":54}},"3":{"start":{"line":5,"column":0},"end":{"line":5,"column":21}},"4":{"start":{"line":11,"column":24},"end":{"line":11,"column":34}},"5":{"start":{"line":13,"column":2},"end":{"line":15,"column":18}},"6":{"start":{"line":14,"column":4},"end":{"line":14,"column":16}},"7":{"start":{"line":17,"column":2},"end":{"line":25,"column":4}},"8":{"start":{"line":21,"column":10},"end":{"line":21,"column":30}},"9":{"start":{"line":10,"column":0},"end":{"line":10,"column":16}}},"fnMap":{"0":{"name":"List","decl":{"start":{"line":10,"column":16},"end":{"line":10,"column":20}},"loc":{"start":{"line":10,"column":45},"end":{"line":26,"column":1}}},"1":{"name":"(anonymous_1)","decl":{"start":{"line":13,"column":12},"end":{"line":13,"column":15}},"loc":{"start":{"line":13,"column":17},"end":{"line":15,"column":3}}},"2":{"name":"(anonymous_2)","decl":{"start":{"line":20,"column":28},"end":{"line":20,"column":29}},"loc":{"start":{"line":21,"column":10},"end":{"line":21,"column":30}}}},"branchMap":{},"s":{"0":1,"1":1,"2":0,"3":0,"4":0,"5":0,"6":0,"7":0,"8":0,"9":0},"f":{"0":0,"1":0,"2":0},"b":{}}
,"C:\\Users\\Usuario\\Desktop\\frontparadox\\src\\components\\login\\login.tsx": {"path":"C:\\Users\\Usuario\\Desktop\\frontparadox\\src\\components\\login\\login.tsx","statementMap":{"0":{"start":{"line":1,"column":0},"end":{"line":1,"column":50}},"1":{"start":{"line":3,"column":0},"end":{"line":3,"column":57}},"2":{"start":{"line":4,"column":0},"end":{"line":4,"column":22}},"3":{"start":{"line":5,"column":0},"end":{"line":5,"column":47}},"4":{"start":{"line":8,"column":32},"end":{"line":8,"column":43}},"5":{"start":{"line":9,"column":19},"end":{"line":9,"column":32}},"6":{"start":{"line":11,"column":23},"end":{"line":21,"column":3}},"7":{"start":{"line":12,"column":4},"end":{"line":12,"column":27}},"8":{"start":{"line":14,"column":24},"end":{"line":14,"column":55}},"9":{"start":{"line":15,"column":21},"end":{"line":15,"column":46}},"10":{"start":{"line":16,"column":33},"end":{"line":19,"column":6}},"11":{"start":{"line":20,"column":4},"end":{"line":20,"column":21}},"12":{"start":{"line":22,"column":2},"end":{"line":26,"column":19}},"13":{"start":{"line":23,"column":4},"end":{"line":25,"column":null}},"14":{"start":{"line":24,"column":6},"end":{"line":24,"column":24}},"15":{"start":{"line":27,"column":2},"end":{"line":50,"column":4}},"16":{"start":{"line":7,"column":0},"end":{"line":7,"column":16}}},"fnMap":{"0":{"name":"Login","decl":{"start":{"line":7,"column":16},"end":{"line":7,"column":21}},"loc":{"start":{"line":7,"column":21},"end":{"line":51,"column":1}}},"1":{"name":"(anonymous_1)","decl":{"start":{"line":11,"column":23},"end":{"line":11,"column":24}},"loc":{"start":{"line":11,"column":49},"end":{"line":21,"column":3}}},"2":{"name":"(anonymous_2)","decl":{"start":{"line":22,"column":12},"end":{"line":22,"column":15}},"loc":{"start":{"line":22,"column":17},"end":{"line":26,"column":3}}}},"branchMap":{"0":{"loc":{"start":{"line":23,"column":4},"end":{"line":25,"column":null}},"type":"if","locations":[{"start":{"line":23,"column":4},"end":{"line":25,"column":null}}]}},"s":{"0":2,"1":2,"2":2,"3":2,"4":2,"5":2,"6":2,"7":1,"8":1,"9":1,"10":1,"11":1,"12":2,"13":2,"14":0,"15":2,"16":2},"f":{"0":2,"1":1,"2":2},"b":{"0":[0]}}
,"C:\\Users\\Usuario\\Desktop\\frontparadox\\src\\components\\register\\register.tsx": {"path":"C:\\Users\\Usuario\\Desktop\\frontparadox\\src\\components\\register\\register.tsx","statementMap":{"0":{"start":{"line":1,"column":0},"end":{"line":1,"column":49}},"1":{"start":{"line":2,"column":0},"end":{"line":2,"column":40}},"2":{"start":{"line":4,"column":0},"end":{"line":4,"column":57}},"3":{"start":{"line":5,"column":0},"end":{"line":5,"column":25}},"4":{"start":{"line":7,"column":40},"end":{"line":7,"column":55}},"5":{"start":{"line":8,"column":23},"end":{"line":8,"column":34}},"6":{"start":{"line":10,"column":23},"end":{"line":24,"column":3}},"7":{"start":{"line":11,"column":4},"end":{"line":11,"column":27}},"8":{"start":{"line":12,"column":24},"end":{"line":12,"column":55}},"9":{"start":{"line":13,"column":17},"end":{"line":21,"column":23}},"10":{"start":{"line":22,"column":4},"end":{"line":22,"column":19}},"11":{"start":{"line":23,"column":4},"end":{"line":23,"column":25}},"12":{"start":{"line":26,"column":2},"end":{"line":79,"column":4}},"13":{"start":{"line":6,"column":0},"end":{"line":6,"column":16}}},"fnMap":{"0":{"name":"Register","decl":{"start":{"line":6,"column":16},"end":{"line":6,"column":24}},"loc":{"start":{"line":6,"column":24},"end":{"line":80,"column":1}}},"1":{"name":"(anonymous_1)","decl":{"start":{"line":10,"column":23},"end":{"line":10,"column":24}},"loc":{"start":{"line":10,"column":49},"end":{"line":24,"column":3}}}},"branchMap":{"0":{"loc":{"start":{"line":28,"column":7},"end":{"line":64,"column":null}},"type":"binary-expr","locations":[{"start":{"line":28,"column":7},"end":{"line":28,"column":19}},{"start":{"line":29,"column":8},"end":{"line":63,"column":null}}]},"1":{"loc":{"start":{"line":66,"column":7},"end":{"line":76,"column":null}},"type":"binary-expr","locations":[{"start":{"line":66,"column":7},"end":{"line":66,"column":18}},{"start":{"line":67,"column":8},"end":{"line":75,"column":null}}]}},"s":{"0":1,"1":1,"2":1,"3":1,"4":1,"5":1,"6":1,"7":0,"8":0,"9":0,"10":0,"11":0,"12":1,"13":1},"f":{"0":1,"1":0},"b":{"0":[1,1],"1":[1,0]}}
,"C:\\Users\\Usuario\\Desktop\\frontparadox\\src\\components\\routes\\app.routes.tsx": {"path":"C:\\Users\\Usuario\\Desktop\\frontparadox\\src\\components\\routes\\app.routes.tsx","statementMap":{"0":{"start":{"line":1,"column":0},"end":{"line":1,"column":39}},"1":{"start":{"line":2,"column":0},"end":{"line":2,"column":49}},"2":{"start":{"line":4,"column":21},"end":{"line":4,"column":68}},"3":{"start":{"line":4,"column":31},"end":{"line":4,"column":67}},"4":{"start":{"line":5,"column":18},"end":{"line":5,"column":62}},"5":{"start":{"line":5,"column":28},"end":{"line":5,"column":61}},"6":{"start":{"line":6,"column":17},"end":{"line":6,"column":60}},"7":{"start":{"line":6,"column":27},"end":{"line":6,"column":59}},"8":{"start":{"line":7,"column":16},"end":{"line":7,"column":56}},"9":{"start":{"line":7,"column":26},"end":{"line":7,"column":55}},"10":{"start":{"line":8,"column":16},"end":{"line":8,"column":61}},"11":{"start":{"line":8,"column":26},"end":{"line":8,"column":60}},"12":{"start":{"line":9,"column":16},"end":{"line":9,"column":56}},"13":{"start":{"line":9,"column":26},"end":{"line":9,"column":55}},"14":{"start":{"line":10,"column":17},"end":{"line":10,"column":56}},"15":{"start":{"line":10,"column":27},"end":{"line":10,"column":55}},"16":{"start":{"line":13,"column":2},"end":{"line":31,"column":4}},"17":{"start":{"line":12,"column":0},"end":{"line":12,"column":16}}},"fnMap":{"0":{"name":"(anonymous_6)","decl":{"start":{"line":4,"column":26},"end":{"line":4,"column":29}},"loc":{"start":{"line":4,"column":31},"end":{"line":4,"column":67}}},"1":{"name":"(anonymous_7)","decl":{"start":{"line":4,"column":31},"end":{"line":4,"column":39}},"loc":{"start":{"line":4,"column":31},"end":{"line":4,"column":67}}},"2":{"name":"(anonymous_8)","decl":{"start":{"line":5,"column":23},"end":{"line":5,"column":26}},"loc":{"start":{"line":5,"column":28},"end":{"line":5,"column":61}}},"3":{"name":"(anonymous_9)","decl":{"start":{"line":5,"column":28},"end":{"line":5,"column":36}},"loc":{"start":{"line":5,"column":28},"end":{"line":5,"column":61}}},"4":{"name":"(anonymous_10)","decl":{"start":{"line":6,"column":22},"end":{"line":6,"column":25}},"loc":{"start":{"line":6,"column":27},"end":{"line":6,"column":59}}},"5":{"name":"(anonymous_11)","decl":{"start":{"line":6,"column":27},"end":{"line":6,"column":35}},"loc":{"start":{"line":6,"column":27},"end":{"line":6,"column":59}}},"6":{"name":"(anonymous_12)","decl":{"start":{"line":7,"column":21},"end":{"line":7,"column":24}},"loc":{"start":{"line":7,"column":26},"end":{"line":7,"column":55}}},"7":{"name":"(anonymous_13)","decl":{"start":{"line":7,"column":26},"end":{"line":7,"column":34}},"loc":{"start":{"line":7,"column":26},"end":{"line":7,"column":55}}},"8":{"name":"(anonymous_14)","decl":{"start":{"line":8,"column":21},"end":{"line":8,"column":24}},"loc":{"start":{"line":8,"column":26},"end":{"line":8,"column":60}}},"9":{"name":"(anonymous_15)","decl":{"start":{"line":8,"column":26},"end":{"line":8,"column":34}},"loc":{"start":{"line":8,"column":26},"end":{"line":8,"column":60}}},"10":{"name":"(anonymous_16)","decl":{"start":{"line":9,"column":21},"end":{"line":9,"column":24}},"loc":{"start":{"line":9,"column":26},"end":{"line":9,"column":55}}},"11":{"name":"(anonymous_17)","decl":{"start":{"line":9,"column":26},"end":{"line":9,"column":34}},"loc":{"start":{"line":9,"column":26},"end":{"line":9,"column":55}}},"12":{"name":"(anonymous_18)","decl":{"start":{"line":10,"column":22},"end":{"line":10,"column":25}},"loc":{"start":{"line":10,"column":27},"end":{"line":10,"column":55}}},"13":{"name":"(anonymous_19)","decl":{"start":{"line":10,"column":27},"end":{"line":10,"column":35}},"loc":{"start":{"line":10,"column":27},"end":{"line":10,"column":55}}},"14":{"name":"AppRoutes","decl":{"start":{"line":12,"column":16},"end":{"line":12,"column":25}},"loc":{"start":{"line":12,"column":25},"end":{"line":32,"column":1}}}},"branchMap":{},"s":{"0":1,"1":1,"2":1,"3":0,"4":1,"5":0,"6":1,"7":2,"8":1,"9":0,"10":1,"11":0,"12":1,"13":0,"14":1,"15":0,"16":1,"17":1},"f":{"0":0,"1":0,"2":0,"3":0,"4":1,"5":1,"6":0,"7":0,"8":0,"9":0,"10":0,"11":0,"12":0,"13":0,"14":1},"b":{}}
,"C:\\Users\\Usuario\\Desktop\\frontparadox\\src\\hooks\\users\\users.hook.tsx": {"path":"C:\\Users\\Usuario\\Desktop\\frontparadox\\src\\hooks\\users\\users.hook.tsx","statementMap":{"0":{"start":{"line":1,"column":0},"end":{"line":1,"column":55}},"1":{"start":{"line":4,"column":0},"end":{"line":4,"column":58}},"2":{"start":{"line":5,"column":0},"end":{"line":5,"column":55}},"3":{"start":{"line":6,"column":0},"end":{"line":6,"column":58}},"4":{"start":{"line":9,"column":19},"end":{"line":9,"column":45}},"5":{"start":{"line":10,"column":15},"end":{"line":10,"column":30}},"6":{"start":{"line":11,"column":25},"end":{"line":11,"column":76}},"7":{"start":{"line":11,"column":59},"end":{"line":11,"column":75}},"8":{"start":{"line":13,"column":19},"end":{"line":15,"column":3}},"9":{"start":{"line":14,"column":4},"end":{"line":14,"column":29}},"10":{"start":{"line":17,"column":16},"end":{"line":19,"column":3}},"11":{"start":{"line":18,"column":4},"end":{"line":18,"column":46}},"12":{"start":{"line":21,"column":17},"end":{"line":23,"column":3}},"13":{"start":{"line":22,"column":4},"end":{"line":22,"column":31}},"14":{"start":{"line":29,"column":2},"end":{"line":34,"column":4}},"15":{"start":{"line":8,"column":0},"end":{"line":8,"column":16}}},"fnMap":{"0":{"name":"usersHook","decl":{"start":{"line":8,"column":16},"end":{"line":8,"column":25}},"loc":{"start":{"line":8,"column":25},"end":{"line":35,"column":1}}},"1":{"name":"(anonymous_1)","decl":{"start":{"line":11,"column":37},"end":{"line":11,"column":38}},"loc":{"start":{"line":11,"column":59},"end":{"line":11,"column":75}}},"2":{"name":"(anonymous_2)","decl":{"start":{"line":13,"column":19},"end":{"line":13,"column":20}},"loc":{"start":{"line":13,"column":46},"end":{"line":15,"column":3}}},"3":{"name":"(anonymous_3)","decl":{"start":{"line":17,"column":16},"end":{"line":17,"column":17}},"loc":{"start":{"line":17,"column":41},"end":{"line":19,"column":3}}},"4":{"name":"(anonymous_4)","decl":{"start":{"line":21,"column":17},"end":{"line":21,"column":20}},"loc":{"start":{"line":21,"column":22},"end":{"line":23,"column":3}}}},"branchMap":{},"s":{"0":4,"1":4,"2":4,"3":4,"4":5,"5":5,"6":5,"7":10,"8":5,"9":1,"10":5,"11":1,"12":5,"13":1,"14":5,"15":4},"f":{"0":5,"1":10,"2":1,"3":1,"4":1},"b":{}}
,"C:\\Users\\Usuario\\Desktop\\frontparadox\\src\\pages\\home.page.tsx": {"path":"C:\\Users\\Usuario\\Desktop\\frontparadox\\src\\pages\\home.page.tsx","statementMap":{"0":{"start":{"line":1,"column":0},"end":{"line":1,"column":42}},"1":{"start":{"line":2,"column":0},"end":{"line":2,"column":47}},"2":{"start":{"line":6,"column":20},"end":{"line":6,"column":71}},"3":{"start":{"line":6,"column":54},"end":{"line":6,"column":70}},"4":{"start":{"line":7,"column":2},"end":{"line":11,"column":4}},"5":{"start":{"line":5,"column":0},"end":{"line":5,"column":24}}},"fnMap":{"0":{"name":"HomePage","decl":{"start":{"line":5,"column":24},"end":{"line":5,"column":32}},"loc":{"start":{"line":5,"column":32},"end":{"line":12,"column":1}}},"1":{"name":"(anonymous_1)","decl":{"start":{"line":6,"column":32},"end":{"line":6,"column":33}},"loc":{"start":{"line":6,"column":54},"end":{"line":6,"column":70}}}},"branchMap":{},"s":{"0":1,"1":1,"2":0,"3":0,"4":0,"5":0},"f":{"0":0,"1":0},"b":{}}
,"C:\\Users\\Usuario\\Desktop\\frontparadox\\src\\pages\\login.page.tsx": {"path":"C:\\Users\\Usuario\\Desktop\\frontparadox\\src\\pages\\login.page.tsx","statementMap":{"0":{"start":{"line":1,"column":0},"end":{"line":1,"column":50}},"1":{"start":{"line":4,"column":2},"end":{"line":8,"column":4}},"2":{"start":{"line":3,"column":0},"end":{"line":3,"column":24}}},"fnMap":{"0":{"name":"LoginPage","decl":{"start":{"line":3,"column":24},"end":{"line":3,"column":33}},"loc":{"start":{"line":3,"column":33},"end":{"line":9,"column":1}}}},"branchMap":{},"s":{"0":1,"1":1,"2":1},"f":{"0":1},"b":{}}
,"C:\\Users\\Usuario\\Desktop\\frontparadox\\src\\pages\\register.page.tsx": {"path":"C:\\Users\\Usuario\\Desktop\\frontparadox\\src\\pages\\register.page.tsx","statementMap":{"0":{"start":{"line":1,"column":0},"end":{"line":1,"column":59}},"1":{"start":{"line":4,"column":2},"end":{"line":8,"column":4}},"2":{"start":{"line":3,"column":0},"end":{"line":3,"column":24}}},"fnMap":{"0":{"name":"RegisterPage","decl":{"start":{"line":3,"column":24},"end":{"line":3,"column":36}},"loc":{"start":{"line":3,"column":36},"end":{"line":9,"column":1}}}},"branchMap":{},"s":{"0":1,"1":1,"2":1},"f":{"0":1},"b":{}}
,"C:\\Users\\Usuario\\Desktop\\frontparadox\\src\\services\\api.repo.films.ts": {"path":"C:\\Users\\Usuario\\Desktop\\frontparadox\\src\\services\\api.repo.films.ts","statementMap":{"0":{"start":{"line":1,"column":0},"end":{"line":1,"column":38}},"1":{"start":{"line":6,"column":14},"end":{"line":6,"column":37}},"2":{"start":{"line":5,"column":2},"end":{"line":5,"column":null}},"3":{"start":{"line":9,"column":21},"end":{"line":9,"column":45}},"4":{"start":{"line":10,"column":4},"end":{"line":11,"column":67}},"5":{"start":{"line":11,"column":6},"end":{"line":11,"column":67}},"6":{"start":{"line":12,"column":4},"end":{"line":12,"column":27}},"7":{"start":{"line":16,"column":21},"end":{"line":20,"column":6}},"8":{"start":{"line":21,"column":4},"end":{"line":22,"column":67}},"9":{"start":{"line":22,"column":6},"end":{"line":22,"column":67}},"10":{"start":{"line":23,"column":4},"end":{"line":23,"column":27}},"11":{"start":{"line":27,"column":21},"end":{"line":27,"column":43}},"12":{"start":{"line":28,"column":21},"end":{"line":34,"column":6}},"13":{"start":{"line":35,"column":4},"end":{"line":36,"column":67}},"14":{"start":{"line":36,"column":6},"end":{"line":36,"column":67}},"15":{"start":{"line":37,"column":4},"end":{"line":37,"column":27}},"16":{"start":{"line":4,"column":0},"end":{"line":4,"column":13}}},"fnMap":{"0":{"name":"(anonymous_0)","decl":{"start":{"line":6,"column":2},"end":{"line":6,"column":14}},"loc":{"start":{"line":6,"column":34},"end":{"line":6,"column":38}}},"1":{"name":"(anonymous_1)","decl":{"start":{"line":8,"column":2},"end":{"line":8,"column":7}},"loc":{"start":{"line":8,"column":16},"end":{"line":13,"column":3}}},"2":{"name":"(anonymous_2)","decl":{"start":{"line":15,"column":2},"end":{"line":15,"column":7}},"loc":{"start":{"line":15,"column":36},"end":{"line":24,"column":3}}},"3":{"name":"(anonymous_3)","decl":{"start":{"line":26,"column":2},"end":{"line":26,"column":7}},"loc":{"start":{"line":26,"column":52},"end":{"line":38,"column":3}}}},"branchMap":{"0":{"loc":{"start":{"line":10,"column":4},"end":{"line":11,"column":67}},"type":"if","locations":[{"start":{"line":10,"column":4},"end":{"line":11,"column":67}}]},"1":{"loc":{"start":{"line":21,"column":4},"end":{"line":22,"column":67}},"type":"if","locations":[{"start":{"line":21,"column":4},"end":{"line":22,"column":67}}]},"2":{"loc":{"start":{"line":35,"column":4},"end":{"line":36,"column":67}},"type":"if","locations":[{"start":{"line":35,"column":4},"end":{"line":36,"column":67}}]}},"s":{"0":1,"1":5,"2":5,"3":2,"4":2,"5":1,"6":1,"7":2,"8":2,"9":1,"10":1,"11":2,"12":2,"13":2,"14":1,"15":1,"16":1},"f":{"0":5,"1":2,"2":2,"3":2},"b":{"0":[1],"1":[1],"2":[1]}}
,"C:\\Users\\Usuario\\Desktop\\frontparadox\\src\\services\\api.repo.users.ts": {"path":"C:\\Users\\Usuario\\Desktop\\frontparadox\\src\\services\\api.repo.users.ts","statementMap":{"0":{"start":{"line":1,"column":0},"end":{"line":1,"column":38}},"1":{"start":{"line":6,"column":2},"end":{"line":6,"column":null}},"2":{"start":{"line":10,"column":21},"end":{"line":10,"column":45}},"3":{"start":{"line":11,"column":4},"end":{"line":12,"column":67}},"4":{"start":{"line":12,"column":6},"end":{"line":12,"column":67}},"5":{"start":{"line":13,"column":4},"end":{"line":13,"column":27}},"6":{"start":{"line":17,"column":16},"end":{"line":17,"column":41}},"7":{"start":{"line":18,"column":21},"end":{"line":22,"column":6}},"8":{"start":{"line":23,"column":4},"end":{"line":24,"column":67}},"9":{"start":{"line":24,"column":6},"end":{"line":24,"column":67}},"10":{"start":{"line":25,"column":4},"end":{"line":25,"column":27}},"11":{"start":{"line":29,"column":16},"end":{"line":29,"column":38}},"12":{"start":{"line":30,"column":21},"end":{"line":36,"column":6}},"13":{"start":{"line":37,"column":4},"end":{"line":38,"column":67}},"14":{"start":{"line":38,"column":6},"end":{"line":38,"column":67}},"15":{"start":{"line":39,"column":4},"end":{"line":39,"column":27}},"16":{"start":{"line":5,"column":0},"end":{"line":5,"column":13}}},"fnMap":{"0":{"name":"(anonymous_0)","decl":{"start":{"line":5,"column":0},"end":{"line":5,"column":13}},"loc":{"start":{"line":5,"column":0},"end":{"line":41,"column":1}}},"1":{"name":"(anonymous_1)","decl":{"start":{"line":9,"column":2},"end":{"line":9,"column":7}},"loc":{"start":{"line":9,"column":16},"end":{"line":14,"column":3}}},"2":{"name":"(anonymous_2)","decl":{"start":{"line":16,"column":2},"end":{"line":16,"column":7}},"loc":{"start":{"line":16,"column":41},"end":{"line":26,"column":3}}},"3":{"name":"(anonymous_3)","decl":{"start":{"line":28,"column":2},"end":{"line":28,"column":7}},"loc":{"start":{"line":28,"column":34},"end":{"line":40,"column":3}}}},"branchMap":{"0":{"loc":{"start":{"line":11,"column":4},"end":{"line":12,"column":67}},"type":"if","locations":[{"start":{"line":11,"column":4},"end":{"line":12,"column":67}}]},"1":{"loc":{"start":{"line":23,"column":4},"end":{"line":24,"column":67}},"type":"if","locations":[{"start":{"line":23,"column":4},"end":{"line":24,"column":67}}]},"2":{"loc":{"start":{"line":37,"column":4},"end":{"line":38,"column":67}},"type":"if","locations":[{"start":{"line":37,"column":4},"end":{"line":38,"column":67}}]}},"s":{"0":5,"1":6,"2":2,"3":2,"4":1,"5":1,"6":2,"7":2,"8":2,"9":1,"10":1,"11":2,"12":2,"13":2,"14":1,"15":1,"16":5},"f":{"0":6,"1":2,"2":2,"3":2},"b":{"0":[1],"1":[1],"2":[1]}}
,"C:\\Users\\Usuario\\Desktop\\frontparadox\\src\\slice\\film\\films.slice.ts": {"path":"C:\\Users\\Usuario\\Desktop\\frontparadox\\src\\slice\\film\\films.slice.ts","statementMap":{"0":{"start":{"line":2,"column":0},"end":{"line":2,"column":62}},"1":{"start":{"line":3,"column":0},"end":{"line":3,"column":47}},"2":{"start":{"line":11,"column":33},"end":{"line":15,"column":2}},"3":{"start":{"line":17,"column":19},"end":{"line":48,"column":2}},"4":{"start":{"line":25,"column":6},"end":{"line":25,"column":34}},"5":{"start":{"line":26,"column":6},"end":{"line":26,"column":19}},"6":{"start":{"line":31,"column":4},"end":{"line":34,"column":7}},"7":{"start":{"line":32,"column":6},"end":{"line":32,"column":35}},"8":{"start":{"line":33,"column":6},"end":{"line":33,"column":19}},"9":{"start":{"line":35,"column":4},"end":{"line":42,"column":6}},"10":{"start":{"line":38,"column":8},"end":{"line":38,"column":30}},"11":{"start":{"line":39,"column":8},"end":{"line":39,"column":34}},"12":{"start":{"line":40,"column":8},"end":{"line":40,"column":21}},"13":{"start":{"line":43,"column":4},"end":{"line":46,"column":7}},"14":{"start":{"line":44,"column":6},"end":{"line":44,"column":33}},"15":{"start":{"line":45,"column":6},"end":{"line":45,"column":19}},"16":{"start":{"line":50,"column":0},"end":{"line":50,"column":34}},"17":{"start":{"line":51,"column":15},"end":{"line":51,"column":53}}},"fnMap":{"0":{"name":"(anonymous_0)","decl":{"start":{"line":21,"column":20},"end":{"line":21,"column":null}},"loc":{"start":{"line":24,"column":8},"end":{"line":27,"column":5}}},"1":{"name":"(anonymous_1)","decl":{"start":{"line":30,"column":17},"end":{"line":30,"column":18}},"loc":{"start":{"line":30,"column":29},"end":{"line":47,"column":3}}},"2":{"name":"(anonymous_2)","decl":{"start":{"line":31,"column":44},"end":{"line":31,"column":45}},"loc":{"start":{"line":31,"column":66},"end":{"line":34,"column":5}}},"3":{"name":"(anonymous_3)","decl":{"start":{"line":37,"column":6},"end":{"line":37,"column":7}},"loc":{"start":{"line":37,"column":64},"end":{"line":41,"column":7}}},"4":{"name":"(anonymous_4)","decl":{"start":{"line":43,"column":45},"end":{"line":43,"column":46}},"loc":{"start":{"line":43,"column":67},"end":{"line":46,"column":5}}}},"branchMap":{},"s":{"0":8,"1":8,"2":8,"3":8,"4":0,"5":0,"6":8,"7":1,"8":1,"9":8,"10":1,"11":1,"12":1,"13":8,"14":0,"15":0,"16":8,"17":8},"f":{"0":0,"1":8,"2":1,"3":1,"4":0},"b":{}}
,"C:\\Users\\Usuario\\Desktop\\frontparadox\\src\\slice\\film\\films.thunk.ts": {"path":"C:\\Users\\Usuario\\Desktop\\frontparadox\\src\\slice\\film\\films.thunk.ts","statementMap":{"0":{"start":{"line":1,"column":0},"end":{"line":1,"column":52}},"1":{"start":{"line":10,"column":13},"end":{"line":16,"column":2}},"2":{"start":{"line":13,"column":18},"end":{"line":13,"column":39}},"3":{"start":{"line":14,"column":4},"end":{"line":14,"column":17}},"4":{"start":{"line":17,"column":13},"end":{"line":23,"column":2}},"5":{"start":{"line":20,"column":22},"end":{"line":20,"column":52}},"6":{"start":{"line":21,"column":4},"end":{"line":21,"column":21}},"7":{"start":{"line":25,"column":13},"end":{"line":35,"column":3}},"8":{"start":{"line":33,"column":20},"end":{"line":33,"column":57}},"9":{"start":{"line":34,"column":2},"end":{"line":34,"column":19}}},"fnMap":{"0":{"name":"(anonymous_0)","decl":{"start":{"line":12,"column":2},"end":{"line":12,"column":7}},"loc":{"start":{"line":12,"column":17},"end":{"line":15,"column":3}}},"1":{"name":"(anonymous_1)","decl":{"start":{"line":19,"column":2},"end":{"line":19,"column":7}},"loc":{"start":{"line":19,"column":30},"end":{"line":22,"column":3}}},"2":{"name":"(anonymous_2)","decl":{"start":{"line":32,"column":12},"end":{"line":32,"column":17}},"loc":{"start":{"line":32,"column":47},"end":{"line":35,"column":1}}}},"branchMap":{},"s":{"0":8,"1":8,"2":1,"3":1,"4":8,"5":1,"6":1,"7":8,"8":1,"9":1},"f":{"0":1,"1":1,"2":1},"b":{}}
,"C:\\Users\\Usuario\\Desktop\\frontparadox\\src\\slice\\user\\users.slice.ts": {"path":"C:\\Users\\Usuario\\Desktop\\frontparadox\\src\\slice\\user\\users.slice.ts","statementMap":{"0":{"start":{"line":1,"column":0},"end":{"line":1,"column":62}},"1":{"start":{"line":3,"column":0},"end":{"line":3,"column":43}},"2":{"start":{"line":14,"column":33},"end":{"line":18,"column":2}},"3":{"start":{"line":20,"column":19},"end":{"line":46,"column":2}},"4":{"start":{"line":25,"column":6},"end":{"line":25,"column":30}},"5":{"start":{"line":26,"column":6},"end":{"line":26,"column":25}},"6":{"start":{"line":30,"column":4},"end":{"line":32,"column":7}},"7":{"start":{"line":31,"column":6},"end":{"line":31,"column":37}},"8":{"start":{"line":34,"column":4},"end":{"line":40,"column":6}},"9":{"start":{"line":37,"column":8},"end":{"line":37,"column":40}},"10":{"start":{"line":38,"column":8},"end":{"line":38,"column":36}},"11":{"start":{"line":42,"column":4},"end":{"line":44,"column":7}},"12":{"start":{"line":43,"column":6},"end":{"line":43,"column":35}},"13":{"start":{"line":48,"column":0},"end":{"line":48,"column":34}},"14":{"start":{"line":49,"column":13},"end":{"line":49,"column":42}}},"fnMap":{"0":{"name":"(anonymous_0)","decl":{"start":{"line":24,"column":12},"end":{"line":24,"column":13}},"loc":{"start":{"line":24,"column":34},"end":{"line":27,"column":5}}},"1":{"name":"(anonymous_1)","decl":{"start":{"line":29,"column":17},"end":{"line":29,"column":18}},"loc":{"start":{"line":29,"column":29},"end":{"line":45,"column":3}}},"2":{"name":"(anonymous_2)","decl":{"start":{"line":30,"column":40},"end":{"line":30,"column":41}},"loc":{"start":{"line":30,"column":62},"end":{"line":32,"column":5}}},"3":{"name":"(anonymous_3)","decl":{"start":{"line":36,"column":6},"end":{"line":36,"column":7}},"loc":{"start":{"line":36,"column":71},"end":{"line":39,"column":7}}},"4":{"name":"(anonymous_4)","decl":{"start":{"line":42,"column":41},"end":{"line":42,"column":42}},"loc":{"start":{"line":42,"column":63},"end":{"line":44,"column":5}}}},"branchMap":{},"s":{"0":9,"1":9,"2":9,"3":9,"4":1,"5":1,"6":9,"7":1,"8":9,"9":1,"10":1,"11":9,"12":1,"13":9,"14":9},"f":{"0":1,"1":9,"2":1,"3":1,"4":1},"b":{}}
,"C:\\Users\\Usuario\\Desktop\\frontparadox\\src\\slice\\user\\users.thunk.ts": {"path":"C:\\Users\\Usuario\\Desktop\\frontparadox\\src\\slice\\user\\users.thunk.ts","statementMap":{"0":{"start":{"line":1,"column":0},"end":{"line":1,"column":52}},"1":{"start":{"line":6,"column":13},"end":{"line":16,"column":3}},"2":{"start":{"line":13,"column":24},"end":{"line":13,"column":51}},"3":{"start":{"line":15,"column":2},"end":{"line":15,"column":23}}},"fnMap":{"0":{"name":"(anonymous_0)","decl":{"start":{"line":12,"column":11},"end":{"line":12,"column":16}},"loc":{"start":{"line":12,"column":41},"end":{"line":16,"column":1}}}},"branchMap":{},"s":{"0":9,"1":9,"2":1,"3":1},"f":{"0":1},"b":{}}
,"C:\\Users\\Usuario\\Desktop\\frontparadox\\src\\store\\store.tsx": {"path":"C:\\Users\\Usuario\\Desktop\\frontparadox\\src\\store\\store.tsx","statementMap":{"0":{"start":{"line":1,"column":0},"end":{"line":1,"column":71}},"1":{"start":{"line":2,"column":0},"end":{"line":2,"column":53}},"2":{"start":{"line":3,"column":0},"end":{"line":3,"column":53}},"3":{"start":{"line":5,"column":13},"end":{"line":10,"column":3}}},"fnMap":{},"branchMap":{},"s":{"0":8,"1":8,"2":8,"3":8},"f":{},"b":{}}
}
