{"C:\\Users\\Usuario\\Desktop\\frontparadox\\src\\config.ts": {"path":"C:\\Users\\Usuario\\Desktop\\frontparadox\\src\\config.ts","statementMap":{"0":{"start":{"line":1,"column":13},"end":{"line":4,"column":51}},"1":{"start":{"line":6,"column":0},"end":{"line":6,"column":34}},"2":{"start":{"line":7,"column":0},"end":{"line":7,"column":23}}},"fnMap":{},"branchMap":{"0":{"loc":{"start":{"line":2,"column":2},"end":{"line":4,"column":50}},"type":"cond-expr","locations":[{"start":{"line":3,"column":6},"end":{"line":3,"column":29}},{"start":{"line":4,"column":6},"end":{"line":4,"column":50}}]}},"s":{"0":2,"1":2,"2":2},"f":{},"b":{"0":[2,0]}}
,"C:\\Users\\Usuario\\Desktop\\frontparadox\\src\\components\\login\\login.tsx": {"path":"C:\\Users\\Usuario\\Desktop\\frontparadox\\src\\components\\login\\login.tsx","statementMap":{"0":{"start":{"line":1,"column":0},"end":{"line":1,"column":49}},"1":{"start":{"line":3,"column":0},"end":{"line":3,"column":51}},"2":{"start":{"line":4,"column":0},"end":{"line":4,"column":22}},"3":{"start":{"line":5,"column":0},"end":{"line":5,"column":40}},"4":{"start":{"line":8,"column":34},"end":{"line":8,"column":49}},"5":{"start":{"line":9,"column":20},"end":{"line":9,"column":31}},"6":{"start":{"line":11,"column":23},"end":{"line":21,"column":3}},"7":{"start":{"line":12,"column":4},"end":{"line":12,"column":27}},"8":{"start":{"line":13,"column":24},"end":{"line":13,"column":55}},"9":{"start":{"line":14,"column":21},"end":{"line":14,"column":46}},"10":{"start":{"line":15,"column":33},"end":{"line":18,"column":6}},"11":{"start":{"line":19,"column":4},"end":{"line":19,"column":21}},"12":{"start":{"line":20,"column":4},"end":{"line":20,"column":22}},"13":{"start":{"line":22,"column":2},"end":{"line":54,"column":4}},"14":{"start":{"line":7,"column":0},"end":{"line":7,"column":16}}},"fnMap":{"0":{"name":"Login","decl":{"start":{"line":7,"column":16},"end":{"line":7,"column":21}},"loc":{"start":{"line":7,"column":21},"end":{"line":55,"column":1}}},"1":{"name":"(anonymous_1)","decl":{"start":{"line":11,"column":23},"end":{"line":11,"column":24}},"loc":{"start":{"line":11,"column":49},"end":{"line":21,"column":3}}}},"branchMap":{"0":{"loc":{"start":{"line":24,"column":7},"end":{"line":44,"column":null}},"type":"binary-expr","locations":[{"start":{"line":24,"column":7},"end":{"line":24,"column":16}},{"start":{"line":25,"column":8},"end":{"line":43,"column":null}}]},"1":{"loc":{"start":{"line":46,"column":7},"end":{"line":51,"column":null}},"type":"binary-expr","locations":[{"start":{"line":46,"column":7},"end":{"line":46,"column":15}},{"start":{"line":47,"column":8},"end":{"line":50,"column":null}}]}},"s":{"0":1,"1":1,"2":1,"3":1,"4":4,"5":3,"6":3,"7":1,"8":1,"9":1,"10":1,"11":1,"12":1,"13":3,"14":1},"f":{"0":4,"1":1},"b":{"0":[3,1],"1":[3,2]}}
,"C:\\Users\\Usuario\\Desktop\\frontparadox\\src\\components\\register\\register.tsx": {"path":"C:\\Users\\Usuario\\Desktop\\frontparadox\\src\\components\\register\\register.tsx","statementMap":{"0":{"start":{"line":1,"column":0},"end":{"line":1,"column":49}},"1":{"start":{"line":2,"column":0},"end":{"line":2,"column":40}},"2":{"start":{"line":4,"column":0},"end":{"line":4,"column":51}},"3":{"start":{"line":5,"column":0},"end":{"line":5,"column":25}},"4":{"start":{"line":7,"column":40},"end":{"line":7,"column":55}},"5":{"start":{"line":8,"column":23},"end":{"line":8,"column":34}},"6":{"start":{"line":10,"column":23},"end":{"line":24,"column":3}},"7":{"start":{"line":11,"column":4},"end":{"line":11,"column":27}},"8":{"start":{"line":12,"column":24},"end":{"line":12,"column":55}},"9":{"start":{"line":13,"column":17},"end":{"line":21,"column":23}},"10":{"start":{"line":22,"column":4},"end":{"line":22,"column":19}},"11":{"start":{"line":23,"column":4},"end":{"line":23,"column":25}},"12":{"start":{"line":26,"column":2},"end":{"line":69,"column":4}},"13":{"start":{"line":6,"column":0},"end":{"line":6,"column":16}}},"fnMap":{"0":{"name":"Register","decl":{"start":{"line":6,"column":16},"end":{"line":6,"column":24}},"loc":{"start":{"line":6,"column":24},"end":{"line":70,"column":1}}},"1":{"name":"(anonymous_1)","decl":{"start":{"line":10,"column":23},"end":{"line":10,"column":24}},"loc":{"start":{"line":10,"column":49},"end":{"line":24,"column":3}}}},"branchMap":{"0":{"loc":{"start":{"line":28,"column":7},"end":{"line":59,"column":null}},"type":"binary-expr","locations":[{"start":{"line":28,"column":7},"end":{"line":28,"column":19}},{"start":{"line":29,"column":8},"end":{"line":58,"column":null}}]},"1":{"loc":{"start":{"line":61,"column":7},"end":{"line":66,"column":null}},"type":"binary-expr","locations":[{"start":{"line":61,"column":7},"end":{"line":61,"column":18}},{"start":{"line":62,"column":8},"end":{"line":65,"column":null}}]}},"s":{"0":1,"1":1,"2":1,"3":1,"4":2,"5":2,"6":2,"7":1,"8":1,"9":1,"10":1,"11":1,"12":2,"13":1},"f":{"0":2,"1":1},"b":{"0":[2,1],"1":[2,1]}}
,"C:\\Users\\Usuario\\Desktop\\frontparadox\\src\\hooks\\users.hook.tsx": {"path":"C:\\Users\\Usuario\\Desktop\\frontparadox\\src\\hooks\\users.hook.tsx","statementMap":{"0":{"start":{"line":1,"column":0},"end":{"line":1,"column":55}},"1":{"start":{"line":4,"column":0},"end":{"line":4,"column":55}},"2":{"start":{"line":5,"column":0},"end":{"line":5,"column":52}},"3":{"start":{"line":6,"column":0},"end":{"line":6,"column":55}},"4":{"start":{"line":8,"column":19},"end":{"line":8,"column":44}},"5":{"start":{"line":9,"column":15},"end":{"line":9,"column":30}},"6":{"start":{"line":10,"column":25},"end":{"line":10,"column":76}},"7":{"start":{"line":10,"column":59},"end":{"line":10,"column":75}},"8":{"start":{"line":12,"column":19},"end":{"line":14,"column":3}},"9":{"start":{"line":13,"column":4},"end":{"line":13,"column":29}},"10":{"start":{"line":16,"column":16},"end":{"line":18,"column":3}},"11":{"start":{"line":17,"column":4},"end":{"line":17,"column":46}},"12":{"start":{"line":20,"column":17},"end":{"line":22,"column":3}},"13":{"start":{"line":21,"column":4},"end":{"line":21,"column":31}},"14":{"start":{"line":24,"column":2},"end":{"line":29,"column":4}},"15":{"start":{"line":7,"column":0},"end":{"line":7,"column":16}}},"fnMap":{"0":{"name":"usersHook","decl":{"start":{"line":7,"column":16},"end":{"line":7,"column":25}},"loc":{"start":{"line":7,"column":25},"end":{"line":30,"column":1}}},"1":{"name":"(anonymous_1)","decl":{"start":{"line":10,"column":37},"end":{"line":10,"column":38}},"loc":{"start":{"line":10,"column":59},"end":{"line":10,"column":75}}},"2":{"name":"(anonymous_2)","decl":{"start":{"line":12,"column":19},"end":{"line":12,"column":20}},"loc":{"start":{"line":12,"column":46},"end":{"line":14,"column":3}}},"3":{"name":"(anonymous_3)","decl":{"start":{"line":16,"column":16},"end":{"line":16,"column":17}},"loc":{"start":{"line":16,"column":41},"end":{"line":18,"column":3}}},"4":{"name":"(anonymous_4)","decl":{"start":{"line":20,"column":17},"end":{"line":20,"column":20}},"loc":{"start":{"line":20,"column":22},"end":{"line":22,"column":3}}}},"branchMap":{},"s":{"0":2,"1":2,"2":2,"3":2,"4":6,"5":6,"6":6,"7":6,"8":6,"9":0,"10":6,"11":2,"12":6,"13":1,"14":6,"15":2},"f":{"0":6,"1":6,"2":0,"3":2,"4":1},"b":{}}
,"C:\\Users\\Usuario\\Desktop\\frontparadox\\src\\services\\api.repo.users.ts": {"path":"C:\\Users\\Usuario\\Desktop\\frontparadox\\src\\services\\api.repo.users.ts","statementMap":{"0":{"start":{"line":1,"column":0},"end":{"line":1,"column":38}},"1":{"start":{"line":6,"column":2},"end":{"line":6,"column":null}},"2":{"start":{"line":10,"column":21},"end":{"line":10,"column":45}},"3":{"start":{"line":11,"column":4},"end":{"line":12,"column":67}},"4":{"start":{"line":12,"column":6},"end":{"line":12,"column":67}},"5":{"start":{"line":13,"column":4},"end":{"line":13,"column":27}},"6":{"start":{"line":17,"column":16},"end":{"line":17,"column":41}},"7":{"start":{"line":18,"column":21},"end":{"line":22,"column":6}},"8":{"start":{"line":23,"column":4},"end":{"line":24,"column":67}},"9":{"start":{"line":24,"column":6},"end":{"line":24,"column":67}},"10":{"start":{"line":25,"column":4},"end":{"line":25,"column":27}},"11":{"start":{"line":29,"column":16},"end":{"line":29,"column":38}},"12":{"start":{"line":30,"column":21},"end":{"line":36,"column":6}},"13":{"start":{"line":37,"column":4},"end":{"line":38,"column":67}},"14":{"start":{"line":38,"column":6},"end":{"line":38,"column":67}},"15":{"start":{"line":39,"column":4},"end":{"line":39,"column":27}},"16":{"start":{"line":5,"column":0},"end":{"line":5,"column":13}}},"fnMap":{"0":{"name":"(anonymous_0)","decl":{"start":{"line":5,"column":0},"end":{"line":5,"column":13}},"loc":{"start":{"line":5,"column":0},"end":{"line":41,"column":1}}},"1":{"name":"(anonymous_1)","decl":{"start":{"line":9,"column":2},"end":{"line":9,"column":7}},"loc":{"start":{"line":9,"column":16},"end":{"line":14,"column":3}}},"2":{"name":"(anonymous_2)","decl":{"start":{"line":16,"column":2},"end":{"line":16,"column":7}},"loc":{"start":{"line":16,"column":41},"end":{"line":26,"column":3}}},"3":{"name":"(anonymous_3)","decl":{"start":{"line":28,"column":2},"end":{"line":28,"column":7}},"loc":{"start":{"line":28,"column":34},"end":{"line":40,"column":3}}}},"branchMap":{"0":{"loc":{"start":{"line":11,"column":4},"end":{"line":12,"column":67}},"type":"if","locations":[{"start":{"line":11,"column":4},"end":{"line":12,"column":67}}]},"1":{"loc":{"start":{"line":23,"column":4},"end":{"line":24,"column":67}},"type":"if","locations":[{"start":{"line":23,"column":4},"end":{"line":24,"column":67}}]},"2":{"loc":{"start":{"line":37,"column":4},"end":{"line":38,"column":67}},"type":"if","locations":[{"start":{"line":37,"column":4},"end":{"line":38,"column":67}}]}},"s":{"0":2,"1":6,"2":0,"3":0,"4":0,"5":0,"6":0,"7":0,"8":0,"9":0,"10":0,"11":1,"12":1,"13":0,"14":0,"15":0,"16":2},"f":{"0":6,"1":0,"2":0,"3":1},"b":{"0":[0],"1":[0],"2":[0]}}
,"C:\\Users\\Usuario\\Desktop\\frontparadox\\src\\slice\\user\\users.slice.ts": {"path":"C:\\Users\\Usuario\\Desktop\\frontparadox\\src\\slice\\user\\users.slice.ts","statementMap":{"0":{"start":{"line":1,"column":0},"end":{"line":1,"column":62}},"1":{"start":{"line":3,"column":0},"end":{"line":3,"column":43}},"2":{"start":{"line":14,"column":33},"end":{"line":18,"column":2}},"3":{"start":{"line":20,"column":19},"end":{"line":48,"column":2}},"4":{"start":{"line":25,"column":6},"end":{"line":25,"column":30}},"5":{"start":{"line":26,"column":6},"end":{"line":26,"column":23}},"6":{"start":{"line":27,"column":6},"end":{"line":27,"column":19}},"7":{"start":{"line":31,"column":4},"end":{"line":33,"column":7}},"8":{"start":{"line":32,"column":6},"end":{"line":32,"column":37}},"9":{"start":{"line":35,"column":4},"end":{"line":42,"column":6}},"10":{"start":{"line":38,"column":8},"end":{"line":38,"column":40}},"11":{"start":{"line":39,"column":8},"end":{"line":39,"column":36}},"12":{"start":{"line":40,"column":8},"end":{"line":40,"column":36}},"13":{"start":{"line":44,"column":4},"end":{"line":46,"column":7}},"14":{"start":{"line":45,"column":6},"end":{"line":45,"column":35}},"15":{"start":{"line":50,"column":0},"end":{"line":50,"column":34}},"16":{"start":{"line":51,"column":13},"end":{"line":51,"column":42}}},"fnMap":{"0":{"name":"(anonymous_0)","decl":{"start":{"line":24,"column":12},"end":{"line":24,"column":13}},"loc":{"start":{"line":24,"column":34},"end":{"line":28,"column":5}}},"1":{"name":"(anonymous_1)","decl":{"start":{"line":30,"column":17},"end":{"line":30,"column":18}},"loc":{"start":{"line":30,"column":29},"end":{"line":47,"column":3}}},"2":{"name":"(anonymous_2)","decl":{"start":{"line":31,"column":40},"end":{"line":31,"column":41}},"loc":{"start":{"line":31,"column":62},"end":{"line":33,"column":5}}},"3":{"name":"(anonymous_3)","decl":{"start":{"line":37,"column":6},"end":{"line":37,"column":7}},"loc":{"start":{"line":37,"column":71},"end":{"line":41,"column":7}}},"4":{"name":"(anonymous_4)","decl":{"start":{"line":44,"column":41},"end":{"line":44,"column":42}},"loc":{"start":{"line":44,"column":63},"end":{"line":46,"column":5}}}},"branchMap":{},"s":{"0":5,"1":5,"2":5,"3":5,"4":1,"5":1,"6":1,"7":4,"8":2,"9":4,"10":1,"11":1,"12":1,"13":4,"14":2,"15":5,"16":5},"f":{"0":1,"1":4,"2":2,"3":1,"4":2},"b":{}}
,"C:\\Users\\Usuario\\Desktop\\frontparadox\\src\\slice\\user\\users.thunk.ts": {"path":"C:\\Users\\Usuario\\Desktop\\frontparadox\\src\\slice\\user\\users.thunk.ts","statementMap":{"0":{"start":{"line":1,"column":0},"end":{"line":1,"column":52}},"1":{"start":{"line":6,"column":13},"end":{"line":16,"column":3}},"2":{"start":{"line":13,"column":24},"end":{"line":13,"column":51}},"3":{"start":{"line":15,"column":2},"end":{"line":15,"column":23}}},"fnMap":{"0":{"name":"(anonymous_0)","decl":{"start":{"line":12,"column":11},"end":{"line":12,"column":16}},"loc":{"start":{"line":12,"column":41},"end":{"line":16,"column":1}}}},"branchMap":{},"s":{"0":5,"1":5,"2":2,"3":1},"f":{"0":2},"b":{}}
,"C:\\Users\\Usuario\\Desktop\\frontparadox\\src\\store\\store.tsx": {"path":"C:\\Users\\Usuario\\Desktop\\frontparadox\\src\\store\\store.tsx","statementMap":{"0":{"start":{"line":1,"column":0},"end":{"line":1,"column":71}},"1":{"start":{"line":2,"column":0},"end":{"line":2,"column":53}},"2":{"start":{"line":4,"column":13},"end":{"line":9,"column":3}}},"fnMap":{},"branchMap":{},"s":{"0":3,"1":3,"2":3},"f":{},"b":{}}
}
