TN:
SF:src\components\register\register.tsx
FN:6,Register
FN:10,(anonymous_1)
FNF:2
FNH:2
FNDA:2,Register
FNDA:1,(anonymous_1)
DA:1,1
DA:2,1
DA:4,1
DA:5,1
DA:6,1
DA:7,2
DA:8,2
DA:10,2
DA:11,1
DA:12,1
DA:13,1
DA:22,1
DA:23,1
DA:26,2
LF:14
LH:14
BRDA:28,0,0,2
BRDA:28,0,1,1
BRDA:61,1,0,2
BRDA:61,1,1,1
BRF:4
BRH:4
end_of_record
TN:
SF:src\slice\users.slice.ts
FN:26,(anonymous_0)
FN:31,(anonymous_1)
FN:34,(anonymous_2)
FN:40,(anonymous_3)
FN:43,(anonymous_4)
FNF:5
FNH:1
FNDA:0,(anonymous_0)
FNDA:1,(anonymous_1)
FNDA:0,(anonymous_2)
FNDA:0,(anonymous_3)
FNDA:0,(anonymous_4)
DA:1,1
DA:3,1
DA:14,1
DA:22,1
DA:27,0
DA:28,0
DA:32,1
DA:35,0
DA:36,0
DA:37,0
DA:40,1
DA:41,0
DA:43,1
DA:44,0
DA:49,1
DA:50,1
LF:16
LH:9
BRF:0
BRH:0
end_of_record
TN:
SF:src\slice\users.thunk.ts
FN:12,(anonymous_0)
FNF:1
FNH:0
FNDA:0,(anonymous_0)
DA:1,1
DA:6,1
DA:13,0
DA:14,0
LF:4
LH:2
BRF:0
BRH:0
end_of_record
TN:
SF:src\store\store.tsx
FNF:0
FNH:0
DA:1,1
DA:2,1
DA:4,1
LF:3
LH:3
BRF:0
BRH:0
end_of_record
