TN:
SF:src\config.ts
FNF:0
FNH:0
DA:1,3
LF:1
LH:1
BRDA:2,0,0,3
BRDA:2,0,1,0
BRF:2
BRH:1
end_of_record
TN:
SF:src\components\footer\footer.tsx
FN:3,Footer
FNF:1
FNH:1
FNDA:1,Footer
DA:1,1
DA:3,1
DA:5,1
DA:6,1
LF:4
LH:4
BRF:0
BRH:0
end_of_record
TN:
SF:src\components\header\header.tsx
FN:6,Header
FN:10,(anonymous_1)
FNF:2
FNH:2
FNDA:1,Header
FNDA:2,(anonymous_1)
DA:1,1
DA:2,1
DA:3,1
DA:6,1
DA:8,1
DA:10,2
DA:11,1
LF:7
LH:7
BRDA:25,0,0,1
BRDA:25,0,1,0
BRF:2
BRH:1
end_of_record
TN:
SF:src\components\login\login.tsx
FN:7,Login
FN:11,(anonymous_1)
FN:22,(anonymous_2)
FNF:3
FNH:3
FNDA:4,Login
FNDA:1,(anonymous_1)
FNDA:1,(anonymous_2)
DA:1,1
DA:3,1
DA:4,1
DA:5,1
DA:7,1
DA:8,4
DA:9,3
DA:11,3
DA:12,1
DA:14,1
DA:15,1
DA:16,1
DA:20,1
DA:22,3
DA:23,1
DA:24,0
DA:27,3
LF:17
LH:16
BRDA:23,0,0,0
BRF:1
BRH:0
end_of_record
TN:
SF:src\hooks\users\users.hook.tsx
FN:8,usersHook
FN:11,(anonymous_1)
FN:13,(anonymous_2)
FN:17,(anonymous_3)
FN:21,(anonymous_4)
FNF:5
FNH:4
FNDA:7,usersHook
FNDA:6,(anonymous_1)
FNDA:0,(anonymous_2)
FNDA:2,(anonymous_3)
FNDA:1,(anonymous_4)
DA:1,2
DA:4,2
DA:5,2
DA:6,2
DA:8,2
DA:9,7
DA:10,6
DA:11,6
DA:13,6
DA:14,0
DA:17,6
DA:18,2
DA:21,6
DA:22,1
DA:25,6
LF:15
LH:14
BRF:0
BRH:0
end_of_record
TN:
SF:src\services\api.repo.users.ts
FN:5,(anonymous_0)
FN:9,(anonymous_1)
FN:16,(anonymous_2)
FN:28,(anonymous_3)
FNF:4
FNH:4
FNDA:12,(anonymous_0)
FNDA:2,(anonymous_1)
FNDA:2,(anonymous_2)
FNDA:3,(anonymous_3)
DA:1,3
DA:5,3
DA:6,12
DA:10,2
DA:11,2
DA:12,1
DA:13,1
DA:17,2
DA:18,2
DA:23,2
DA:24,1
DA:25,1
DA:29,3
DA:30,3
DA:37,2
DA:38,1
DA:39,1
LF:17
LH:17
BRDA:11,0,0,1
BRDA:23,1,0,1
BRDA:37,2,0,1
BRF:3
BRH:3
end_of_record
TN:
SF:src\slice\film\films.slice.ts
FN:21,(anonymous_0)
FN:30,(anonymous_1)
FN:31,(anonymous_2)
FN:37,(anonymous_3)
FN:43,(anonymous_4)
FNF:5
FNH:1
FNDA:0,(anonymous_0)
FNDA:4,(anonymous_1)
FNDA:0,(anonymous_2)
FNDA:0,(anonymous_3)
FNDA:0,(anonymous_4)
DA:2,4
DA:3,4
DA:11,4
DA:17,4
DA:25,0
DA:26,0
DA:31,4
DA:32,0
DA:33,0
DA:35,4
DA:38,0
DA:39,0
DA:40,0
DA:43,4
DA:44,0
DA:45,0
DA:50,4
DA:51,4
LF:18
LH:9
BRF:0
BRH:0
end_of_record
TN:
SF:src\slice\film\films.thunk.ts
FN:12,(anonymous_0)
FN:19,(anonymous_1)
FNF:2
FNH:0
FNDA:0,(anonymous_0)
FNDA:0,(anonymous_1)
DA:1,4
DA:10,4
DA:13,0
DA:14,0
DA:17,4
DA:20,0
DA:21,0
LF:7
LH:3
BRF:0
BRH:0
end_of_record
TN:
SF:src\slice\user\users.slice.ts
FN:24,(anonymous_0)
FN:29,(anonymous_1)
FN:30,(anonymous_2)
FN:36,(anonymous_3)
FN:42,(anonymous_4)
FNF:5
FNH:5
FNDA:1,(anonymous_0)
FNDA:5,(anonymous_1)
FNDA:2,(anonymous_2)
FNDA:1,(anonymous_3)
FNDA:2,(anonymous_4)
DA:1,6
DA:3,6
DA:14,6
DA:20,6
DA:25,1
DA:26,1
DA:30,5
DA:31,2
DA:34,5
DA:37,1
DA:38,1
DA:42,5
DA:43,2
DA:48,6
DA:49,6
LF:15
LH:15
BRF:0
BRH:0
end_of_record
TN:
SF:src\slice\user\users.thunk.ts
FN:12,(anonymous_0)
FNF:1
FNH:1
FNDA:2,(anonymous_0)
DA:1,6
DA:6,6
DA:13,2
DA:15,1
LF:4
LH:4
BRF:0
BRH:0
end_of_record
TN:
SF:src\store\store.tsx
FNF:0
FNH:0
DA:1,4
DA:2,4
DA:3,4
DA:5,4
LF:4
LH:4
BRF:0
BRH:0
end_of_record
